09.09.2024 01:12:27 (User) : DRAWING PARTS DELETED: A   [VS.2]
09.09.2024 01:26:41 (User) : DRAWING PARTS DELETED: A   [VS.2]
09.09.2024 02:58:18 (User) : DRAWING PARTS DELETED: A   [C.4]
09.09.2024 03:05:42 (User) : DRAWING DELETED: W   [WEB.2]
09.09.2024 03:05:42 (User) : DRAWING DELETED: A   [3]
09.09.2024 03:05:42 (User) : DRAWING DELETED: W   [WEB.1]
09.09.2024 03:05:42 (User) : DRAWING DELETED: A   [C.4]
09.09.2024 03:05:42 (User) : DRAWING DELETED: G   [1]
09.09.2024 03:07:11 (User) : DRAWING DELETED: A   [VS.2]
09.09.2024 08:24:28 (User) : DRAWING DELETED: A   [4]
09.09.2024 11:10:31 (User) : DRAWING DELETED: G   [1]
09.09.2024 11:17:47 (User) : DRAWING DELETED: G   [4]
09.09.2024 11:29:43 (User) : DRAWING DELETED: G   [5]
09.09.2024 11:33:15 (User) : DRAWING DELETED: G   [5]
11.09.2024 03:51:01 (User) : DRAWING DELETED: A   [VB.19]
11.09.2024 03:51:06 (User) : DRAWING DELETED: A   [1]
11.09.2024 03:51:12 (User) : DRAWING DELETED: A   [VB.17]
11.09.2024 03:51:15 (User) : DRAWING DELETED: A   [VB.9]
11.09.2024 03:51:20 (User) : DRAWING DELETED: A   [6]
11.09.2024 03:51:27 (User) : DRAWING DELETED: A   [VB.10]
11.09.2024 03:51:31 (User) : DRAWING DELETED: A   [VB.8]
11.09.2024 03:51:57 (User) : DRAWING DELETED: A   [S.5]
11.09.2024 03:52:02 (User) : DRAWING DELETED: A   [VB.16]
11.09.2024 03:52:47 (User) : DRAWING DELETED: A   [S.3]
11.09.2024 03:52:47 (User) : DRAWING DELETED: A   [VB.20]
11.09.2024 03:52:47 (User) : DRAWING DELETED: A   [S.4]
11.09.2024 03:52:47 (User) : DRAWING DELETED: A   [VB.3]
11.09.2024 03:52:47 (User) : DRAWING DELETED: A   [VB.15]
11.09.2024 03:52:47 (User) : DRAWING DELETED: A   [VB.5]
11.09.2024 03:52:47 (User) : DRAWING DELETED: A   [VB.11]
11.09.2024 03:52:47 (User) : DRAWING DELETED: A   [VB.7]
11.09.2024 03:52:47 (User) : DRAWING DELETED: A   [VB.14]
11.09.2024 03:52:47 (User) : DRAWING DELETED: A   [S.6]
11.09.2024 03:52:47 (User) : DRAWING DELETED: A   [VB.18]
11.09.2024 03:52:47 (User) : DRAWING DELETED: A   [S.1]
11.09.2024 03:52:47 (User) : DRAWING DELETED: A   [S.9]
11.09.2024 03:52:47 (User) : DRAWING DELETED: A   [VB.4]
11.09.2024 03:52:47 (User) : DRAWING DELETED: A   [VB.21]
11.09.2024 03:52:47 (User) : DRAWING DELETED: A   [4]
11.09.2024 03:52:47 (User) : DRAWING DELETED: A   [S.7]
11.09.2024 03:52:47 (User) : DRAWING DELETED: A   [VB.12]
11.09.2024 16:30:06 (User) : DRAWING DELETED: W   [3]
11.09.2024 17:13:46 (User) : DRAWING DELETED: W   [6]
11.09.2024 17:35:54 (User) : DRAWING DELETED: W   [PL.2018]
11.09.2024 17:35:54 (User) : DRAWING DELETED: W   [vb.19]
11.09.2024 17:35:54 (User) : DRAWING DELETED: W   [8]
11.09.2024 17:35:54 (User) : DRAWING DELETED: W   [vb.3]
11.09.2024 17:35:54 (User) : DRAWING DELETED: W   [PL.2021]
11.09.2024 17:35:54 (User) : DRAWING DELETED: W   [13]
11.09.2024 17:35:54 (User) : DRAWING DELETED: W   [9]
11.09.2024 17:35:54 (User) : DRAWING DELETED: W   [vb.13]
11.09.2024 17:35:54 (User) : DRAWING DELETED: W   [pl.2002]
11.09.2024 17:35:54 (User) : DRAWING DELETED: W   [vb.17]
11.09.2024 17:35:54 (User) : DRAWING DELETED: W   [vb.12]
11.09.2024 17:35:54 (User) : DRAWING DELETED: W   [vb.16]
11.09.2024 17:35:54 (User) : DRAWING DELETED: W   [PL.2022]
11.09.2024 17:35:54 (User) : DRAWING DELETED: W   [PL.2014]
11.09.2024 17:35:54 (User) : DRAWING DELETED: W   [PL.2025]
11.09.2024 17:35:54 (User) : DRAWING DELETED: W   [PL.2019]
11.09.2024 17:35:54 (User) : DRAWING DELETED: W   [4]
11.09.2024 17:35:54 (User) : DRAWING DELETED: W   [1]
11.09.2024 17:35:54 (User) : DRAWING DELETED: W   [2]
11.09.2024 17:35:54 (User) : DRAWING DELETED: W   [PL.2027]
11.09.2024 17:35:54 (User) : DRAWING DELETED: W   [vb.15]
11.09.2024 17:35:54 (User) : DRAWING DELETED: W   [s.4]
11.09.2024 17:35:54 (User) : DRAWING DELETED: W   [vb.5]
11.09.2024 17:35:54 (User) : DRAWING DELETED: W   [PL.2013]
11.09.2024 17:35:54 (User) : DRAWING DELETED: W   [PL.2024]
11.09.2024 17:35:54 (User) : DRAWING DELETED: W   [PL.2026]
11.09.2024 17:35:54 (User) : DRAWING DELETED: W   [5]
11.09.2024 20:38:41 (User) : DRAWING DELETED: A   [1]
11.09.2024 20:41:14 (User) : DRAWING DELETED: C   [FP.1 - 1]
